Arguments: 
  /home/valentin/.nvm/versions/node/v18.18.0/bin/node /mnt/c/Program Files (x86)/Yarn/bin/yarn.js

PATH: 
  /home/valentin/.bun/bin:/home/valentin/.local/share/pnpm:/home/valentin/.nvm/versions/node/v18.18.0/bin:/usr/local/sbin:/usr/local/bin:/usr/sbin:/usr/bin:/sbin:/bin:/usr/games:/usr/local/games:/usr/lib/wsl/lib:/mnt/c/Program Files (x86)/Common Files/Oracle/Java/javapath:/mnt/c/WINDOWS/system32:/mnt/c/WINDOWS:/mnt/c/WINDOWS/System32/Wbem:/mnt/c/WINDOWS/System32/WindowsPowerShell/v1.0/:/mnt/c/WINDOWS/System32/OpenSSH/:/mnt/c/Program Files/Git/cmd:/mnt/d/php-8.0.1-Win32-vs16-x64:/mnt/c/ProgramData/ComposerSetup/bin:/mnt/c/ffmpeg/bin:/mnt/c/Program Files/dotnet/:/mnt/c/Program Files/Oracle/VirtualBox:/mnt/c/Program Files/nodejs/:/mnt/c/Program Files (x86)/dotnet/:/mnt/c/Program Files (x86)/Yarn/bin/:/mnt/c/Program Files/usbipd-win/:/mnt/c/Program Files/PuTTY/:/mnt/c/Program Files/Docker/Docker/resources/bin:/mnt/c/Users/Valentin/AppData/Local/Programs/Python/Python310/Scripts/:/mnt/c/Users/Valentin/AppData/Local/Programs/Python/Python310/:/mnt/c/Users/Valentin/AppData/Roaming/edgedb/bin:/mnt/c/Users/Valentin/AppData/Local/Microsoft/WindowsApps:/mnt/c/Users/Valentin/AppData/Local/Programs/Microsoft VS Code/bin:/mnt/c/Users/Valentin/AppData/Roaming/Composer/vendor/bin:/mnt/c/ffmpeg/bin:/mnt/c/Users/Valentin/.dotnet/tools:/mnt/c/Program Files (x86)/Nmap:/mnt/c/Program Files (x86)/GitHub CLI/:/mnt/c/Users/Valentin/AppData/Roaming/npm:/mnt/d/php-8.1.2-nts-Win32-vs16-x64:/mnt/c/Users/Valentin/AppData/Local/Yarn/bin:/mnt/c/Users/Valentin/go/bin:/mnt/c/Users/Valentin/AppData/Local/JetBrains/Toolbox/scripts:/mnt/c/Users/Valentin/SurrealDB:/home/valentin/.local/share/coursier/bin

Yarn version: 
  1.22.18

Node version: 
  18.18.0

Platform: 
  linux x64

Trace: 
  Error: EACCES: permission denied, mkdir '/home/valentin/kg-cms/node_modules/@aws-crypto'

npm manifest: 
  {
    "name": "kg-cms",
    "description": "Website template for Payload",
    "version": "1.0.0",
    "main": "dist/server.js",
    "license": "MIT",
    "scripts": {
      "dev": "cross-env PAYLOAD_CONFIG_PATH=src/payload/payload.config.ts nodemon",
      "seed": "rm -rf media && cross-env PAYLOAD_SEED=true PAYLOAD_DROP_DATABASE=true PAYLOAD_CONFIG_PATH=src/payload/payload.config.ts ts-node src/server.ts",
      "build:payload": "cross-env PAYLOAD_CONFIG_PATH=src/payload/payload.config.ts payload build",
      "build:server": "tsc --project tsconfig.server.json",
      "build:next": "cross-env PAYLOAD_CONFIG_PATH=dist/payload/payload.config.js NEXT_BUILD=true node dist/server.js",
      "build": "cross-env NODE_ENV=production yarn build:payload && yarn build:server && yarn copyfiles && yarn build:next",
      "serve": "cross-env PAYLOAD_CONFIG_PATH=dist/payload/payload.config.js NODE_ENV=production node dist/server.js",
      "eject": "yarn remove next react react-dom @next/eslint-plugin-next && ts-node eject.ts",
      "copyfiles": "copyfiles -u 1 \"src/**/*.{html,css,scss,ttf,woff,woff2,eot,svg,jpg,png,js}\" dist/",
      "generate:types": "cross-env PAYLOAD_CONFIG_PATH=src/payload/payload.config.ts payload generate:types",
      "generate:graphQLSchema": "cross-env PAYLOAD_CONFIG_PATH=src/payload/payload.config.ts payload generate:graphQLSchema",
      "lint": "eslint src",
      "lint:fix": "eslint --fix --ext .ts,.tsx src",
      "payload": "cross-env PAYLOAD_CONFIG_PATH=src/payload/payload.config.ts payload"
    },
    "dependencies": {
      "@payloadcms/bundler-webpack": "^1.0.0",
      "@payloadcms/db-mongodb": "^1.0.0",
      "@payloadcms/plugin-cloud": "^2.0.0",
      "@payloadcms/plugin-form-builder": "^1.0.13",
      "@payloadcms/plugin-nested-docs": "^1.0.8",
      "@payloadcms/plugin-redirects": "^1.0.0",
      "@payloadcms/plugin-seo": "^1.0.10",
      "@payloadcms/richtext-slate": "^1.0.0",
      "cross-env": "^7.0.3",
      "dotenv": "^8.2.0",
      "escape-html": "^1.0.3",
      "express": "^4.17.1",
      "next": "13.5.2",
      "payload": "^2.0.0",
      "payload-admin-bar": "^1.0.6",
      "qs": "6.11.2",
      "react": "^18.2.0",
      "react-dom": "^18.2.0",
      "react-hook-form": "^7.45.1",
      "react-router-dom": "5.3.4"
    },
    "devDependencies": {
      "@next/eslint-plugin-next": "^13.1.6",
      "@payloadcms/eslint-config": "^0.0.1",
      "@swc/core": "1.3.76",
      "@types/escape-html": "^1.0.2",
      "@types/express": "^4.17.9",
      "@types/node": "18.11.3",
      "@types/qs": "^6.9.8",
      "@types/react": "18.0.21",
      "@typescript-eslint/eslint-plugin": "^5.51.0",
      "@typescript-eslint/parser": "^5.51.0",
      "copyfiles": "^2.4.1",
      "eslint": "^8.19.0",
      "eslint-config-prettier": "^8.5.0",
      "eslint-import-resolver-alias": "^1.1.2",
      "eslint-plugin-filenames": "^1.3.2",
      "eslint-plugin-import": "2.25.4",
      "eslint-plugin-prettier": "^4.0.0",
      "eslint-plugin-react-hooks": "^4.6.0",
      "eslint-plugin-simple-import-sort": "^10.0.0",
      "nodemon": "^2.0.6",
      "prettier": "^2.7.1",
      "slate": "0.91.4",
      "ts-node": "^10.9.1",
      "typescript": "^4.8.4"
    }
  }

yarn manifest: 
  No manifest

Lockfile: 
  No lockfile
